2015-10-22 11:34:39,799 [INFO] from play.api.libs.concurrent.ActorSystemProvider in pool-4-thread-5 - Starting application default Akka system: application
2015-10-22 11:34:39,923 [INFO] from play.core.server.NettyServer in pool-4-thread-5 - Listening for HTTP on /0:0:0:0:0:0:0:0:9000
2015-10-22 11:34:47,861 [WARN] from application in ForkJoinPool-1-worker-1 - Logger configuration in conf files is deprecated and has no effect. Use a logback configuration file instead.
2015-10-22 11:34:48,246 [INFO] from play.api.libs.concurrent.ActorSystemProvider in ForkJoinPool-1-worker-1 - Starting application default Akka system: application
2015-10-22 11:34:48,309 [INFO] from play.api.Play in ForkJoinPool-1-worker-1 - Application started (Dev)
2015-10-22 11:40:23,076 [INFO] from play.api.libs.concurrent.ActorSystemProvider in application-akka.actor.default-dispatcher-18 - Shutdown application default Akka system: application
2015-10-22 11:40:23,123 [WARN] from application in application-akka.actor.default-dispatcher-18 - Logger configuration in conf files is deprecated and has no effect. Use a logback configuration file instead.
2015-10-22 11:40:23,167 [INFO] from play.api.libs.concurrent.ActorSystemProvider in application-akka.actor.default-dispatcher-18 - Starting application default Akka system: application
2015-10-22 11:40:23,179 [INFO] from play.api.Play in application-akka.actor.default-dispatcher-18 - Application started (Dev)
2015-10-22 11:42:11,265 [INFO] from play.api.libs.concurrent.ActorSystemProvider in application-akka.actor.default-dispatcher-6 - Shutdown application default Akka system: application
2015-10-22 11:42:11,283 [WARN] from application in application-akka.actor.default-dispatcher-6 - Logger configuration in conf files is deprecated and has no effect. Use a logback configuration file instead.
2015-10-22 11:42:11,314 [INFO] from play.api.libs.concurrent.ActorSystemProvider in application-akka.actor.default-dispatcher-6 - Starting application default Akka system: application
2015-10-22 11:42:11,323 [INFO] from play.api.Play in application-akka.actor.default-dispatcher-6 - Application started (Dev)
2015-10-22 11:42:59,119 [INFO] from play.api.libs.concurrent.ActorSystemProvider in application-akka.actor.default-dispatcher-10 - Shutdown application default Akka system: application
2015-10-22 11:42:59,149 [WARN] from application in application-akka.actor.default-dispatcher-10 - Logger configuration in conf files is deprecated and has no effect. Use a logback configuration file instead.
2015-10-22 11:42:59,179 [INFO] from play.api.libs.concurrent.ActorSystemProvider in application-akka.actor.default-dispatcher-10 - Starting application default Akka system: application
2015-10-22 11:42:59,191 [INFO] from play.api.Play in application-akka.actor.default-dispatcher-10 - Application started (Dev)
2015-10-23 10:09:17,317 [INFO] from play.api.libs.concurrent.ActorSystemProvider in application-akka.actor.default-dispatcher-81 - Shutdown application default Akka system: application
2015-10-23 10:09:17,364 [WARN] from application in application-akka.actor.default-dispatcher-81 - Logger configuration in conf files is deprecated and has no effect. Use a logback configuration file instead.
2015-10-23 10:09:17,395 [INFO] from play.api.libs.concurrent.ActorSystemProvider in application-akka.actor.default-dispatcher-81 - Starting application default Akka system: application
2015-10-23 10:09:17,404 [INFO] from play.api.Play in application-akka.actor.default-dispatcher-81 - Application started (Dev)
2015-10-23 10:09:56,852 [INFO] from play.api.libs.concurrent.ActorSystemProvider in application-akka.actor.default-dispatcher-7 - Shutdown application default Akka system: application
2015-10-23 10:09:56,875 [WARN] from application in application-akka.actor.default-dispatcher-7 - Logger configuration in conf files is deprecated and has no effect. Use a logback configuration file instead.
2015-10-23 10:09:56,900 [INFO] from play.api.libs.concurrent.ActorSystemProvider in application-akka.actor.default-dispatcher-7 - Starting application default Akka system: application
2015-10-23 10:09:56,912 [INFO] from play.api.Play in application-akka.actor.default-dispatcher-7 - Application started (Dev)
2015-10-23 10:10:09,400 [INFO] from play.api.libs.concurrent.ActorSystemProvider in application-akka.actor.default-dispatcher-3 - Shutdown application default Akka system: application
2015-10-23 10:10:09,428 [WARN] from application in application-akka.actor.default-dispatcher-3 - Logger configuration in conf files is deprecated and has no effect. Use a logback configuration file instead.
2015-10-23 10:10:09,450 [INFO] from play.api.libs.concurrent.ActorSystemProvider in application-akka.actor.default-dispatcher-3 - Starting application default Akka system: application
2015-10-23 10:10:09,458 [INFO] from play.api.Play in application-akka.actor.default-dispatcher-3 - Application started (Dev)
2015-10-23 10:22:10,709 [INFO] from play.api.libs.concurrent.ActorSystemProvider in application-akka.actor.default-dispatcher-4 - Shutdown application default Akka system: application
2015-10-23 10:22:10,728 [WARN] from application in application-akka.actor.default-dispatcher-4 - Logger configuration in conf files is deprecated and has no effect. Use a logback configuration file instead.
2015-10-23 10:22:10,746 [INFO] from play.api.libs.concurrent.ActorSystemProvider in application-akka.actor.default-dispatcher-4 - Starting application default Akka system: application
2015-10-23 10:22:10,755 [INFO] from play.api.Play in application-akka.actor.default-dispatcher-4 - Application started (Dev)
2015-10-23 10:23:35,972 [INFO] from play.api.libs.concurrent.ActorSystemProvider in application-akka.actor.default-dispatcher-2 - Shutdown application default Akka system: application
2015-10-23 10:23:35,997 [WARN] from application in application-akka.actor.default-dispatcher-2 - Logger configuration in conf files is deprecated and has no effect. Use a logback configuration file instead.
2015-10-23 10:23:36,033 [INFO] from play.api.libs.concurrent.ActorSystemProvider in application-akka.actor.default-dispatcher-2 - Starting application default Akka system: application
2015-10-23 10:23:36,042 [INFO] from play.api.Play in application-akka.actor.default-dispatcher-2 - Application started (Dev)
2015-10-23 10:30:56,753 [INFO] from play.api.libs.concurrent.ActorSystemProvider in application-akka.actor.default-dispatcher-10 - Shutdown application default Akka system: application
2015-10-23 10:30:56,772 [WARN] from application in application-akka.actor.default-dispatcher-10 - Logger configuration in conf files is deprecated and has no effect. Use a logback configuration file instead.
2015-10-23 10:30:56,844 [INFO] from play.api.libs.concurrent.ActorSystemProvider in application-akka.actor.default-dispatcher-10 - Starting application default Akka system: application
2015-10-23 10:30:56,858 [INFO] from play.api.Play in application-akka.actor.default-dispatcher-10 - Application started (Dev)
2015-10-23 10:46:34,569 [INFO] from play.api.libs.concurrent.ActorSystemProvider in application-akka.actor.default-dispatcher-9 - Shutdown application default Akka system: application
2015-10-23 10:46:34,598 [WARN] from application in application-akka.actor.default-dispatcher-9 - Logger configuration in conf files is deprecated and has no effect. Use a logback configuration file instead.
2015-10-23 10:46:34,620 [INFO] from play.api.libs.concurrent.ActorSystemProvider in application-akka.actor.default-dispatcher-9 - Starting application default Akka system: application
2015-10-23 10:46:34,632 [INFO] from play.api.Play in application-akka.actor.default-dispatcher-9 - Application started (Dev)
2015-10-23 10:47:36,430 [INFO] from play.api.libs.concurrent.ActorSystemProvider in application-akka.actor.default-dispatcher-6 - Shutdown application default Akka system: application
2015-10-23 10:47:36,446 [WARN] from application in application-akka.actor.default-dispatcher-6 - Logger configuration in conf files is deprecated and has no effect. Use a logback configuration file instead.
2015-10-23 10:47:36,473 [INFO] from play.api.libs.concurrent.ActorSystemProvider in application-akka.actor.default-dispatcher-6 - Starting application default Akka system: application
2015-10-23 10:47:36,485 [INFO] from play.api.Play in application-akka.actor.default-dispatcher-6 - Application started (Dev)
2015-10-23 10:48:06,222 [INFO] from play.api.libs.concurrent.ActorSystemProvider in application-akka.actor.default-dispatcher-5 - Shutdown application default Akka system: application
2015-10-23 10:48:06,239 [WARN] from application in application-akka.actor.default-dispatcher-5 - Logger configuration in conf files is deprecated and has no effect. Use a logback configuration file instead.
2015-10-23 10:48:06,267 [INFO] from play.api.libs.concurrent.ActorSystemProvider in application-akka.actor.default-dispatcher-5 - Starting application default Akka system: application
2015-10-23 10:48:06,284 [INFO] from play.api.Play in application-akka.actor.default-dispatcher-5 - Application started (Dev)
2015-10-23 10:48:49,933 [INFO] from play.api.libs.concurrent.ActorSystemProvider in application-akka.actor.default-dispatcher-8 - Shutdown application default Akka system: application
2015-10-23 10:48:49,958 [WARN] from application in application-akka.actor.default-dispatcher-8 - Logger configuration in conf files is deprecated and has no effect. Use a logback configuration file instead.
2015-10-23 10:48:49,991 [INFO] from play.api.libs.concurrent.ActorSystemProvider in application-akka.actor.default-dispatcher-8 - Starting application default Akka system: application
2015-10-23 10:48:50,001 [INFO] from play.api.Play in application-akka.actor.default-dispatcher-8 - Application started (Dev)
2015-10-23 10:50:52,525 [INFO] from play.api.libs.concurrent.ActorSystemProvider in application-akka.actor.default-dispatcher-2 - Shutdown application default Akka system: application
2015-10-23 10:50:52,548 [WARN] from application in application-akka.actor.default-dispatcher-2 - Logger configuration in conf files is deprecated and has no effect. Use a logback configuration file instead.
2015-10-23 10:50:52,572 [INFO] from play.api.libs.concurrent.ActorSystemProvider in application-akka.actor.default-dispatcher-2 - Starting application default Akka system: application
2015-10-23 10:50:52,583 [INFO] from play.api.Play in application-akka.actor.default-dispatcher-2 - Application started (Dev)
2015-10-23 10:52:17,152 [INFO] from play.api.libs.concurrent.ActorSystemProvider in application-akka.actor.default-dispatcher-4 - Shutdown application default Akka system: application
2015-10-23 10:52:17,168 [WARN] from application in application-akka.actor.default-dispatcher-4 - Logger configuration in conf files is deprecated and has no effect. Use a logback configuration file instead.
2015-10-23 10:52:17,183 [INFO] from play.api.libs.concurrent.ActorSystemProvider in application-akka.actor.default-dispatcher-4 - Starting application default Akka system: application
2015-10-23 10:52:17,189 [INFO] from play.api.Play in application-akka.actor.default-dispatcher-4 - Application started (Dev)
2015-10-23 10:53:32,187 [INFO] from play.api.libs.concurrent.ActorSystemProvider in application-akka.actor.default-dispatcher-12 - Shutdown application default Akka system: application
2015-10-23 10:53:32,200 [WARN] from application in application-akka.actor.default-dispatcher-12 - Logger configuration in conf files is deprecated and has no effect. Use a logback configuration file instead.
2015-10-23 10:53:32,215 [INFO] from play.api.libs.concurrent.ActorSystemProvider in application-akka.actor.default-dispatcher-12 - Starting application default Akka system: application
2015-10-23 10:53:32,224 [INFO] from play.api.Play in application-akka.actor.default-dispatcher-12 - Application started (Dev)
